2021-01-18 12:49:16,478:INFO:PyCaret Supervised Module
2021-01-18 12:49:16,478:INFO:ML Usecase: regression
2021-01-18 12:49:16,479:INFO:version 2.2.2
2021-01-18 12:49:16,479:INFO:Initializing setup()
2021-01-18 12:49:16,479:INFO:setup(target=charges, ml_usecase=regression, available_plots={'parameter': 'Hyperparameters', 'residuals': 'Residuals', 'error': 'Prediction Error', 'cooks': 'Cooks Distance', 'rfe': 'Feature Selection', 'learning': 'Learning Curve', 'manifold': 'Manifold Learning', 'vc': 'Validation Curve', 'feature': 'Feature Importance', 'feature_all': 'Feature Importance (All)', 'tree': 'Decision Tree'}, train_size=0.7, test_data=None, preprocess=True, imputation_type=simple, iterative_imputation_iters=5, categorical_features=None, categorical_imputation=constant, categorical_iterative_imputer=lightgbm, ordinal_features=None, high_cardinality_features=None, high_cardinality_method=frequency, numeric_features=None, numeric_imputation=mean, numeric_iterative_imputer=lightgbm, date_features=None, ignore_features=None, normalize=False, normalize_method=zscore, transformation=False, transformation_method=yeo-johnson, handle_unknown_categorical=True, unknown_categorical_method=least_frequent, pca=False, pca_method=linear, pca_components=None, ignore_low_variance=False, combine_rare_levels=False, rare_level_threshold=0.1, bin_numeric_features=None, remove_outliers=False, outliers_threshold=0.05, remove_multicollinearity=False, multicollinearity_threshold=0.9, remove_perfect_collinearity=True, create_clusters=False, cluster_iter=20, polynomial_features=False, polynomial_degree=2, trigonometry_features=False, polynomial_threshold=0.1, group_features=None, group_names=None, feature_selection=False, feature_selection_threshold=0.8, feature_selection_method=classic, feature_interaction=False, feature_ratio=False, interaction_threshold=0.01, fix_imbalance=False, fix_imbalance_method=None, transform_target=False, transform_target_method=box-cox, data_split_shuffle=True, data_split_stratify=False, fold_strategy=kfold, fold=10, fold_shuffle=False, fold_groups=None, n_jobs=-1, use_gpu=False, custom_pipeline=None, html=True, session_id=123, log_experiment=False, experiment_name=None, log_plots=False, log_profile=False, log_data=False, silent=False, verbose=True, profile=False, profile_kwargs=None, display=None)
2021-01-18 12:49:16,480:INFO:Checking environment
2021-01-18 12:49:16,480:INFO:python_version: 3.8.5
2021-01-18 12:49:16,480:INFO:python_build: ('default', 'Sep  3 2020 21:29:08')
2021-01-18 12:49:16,480:INFO:machine: AMD64
2021-01-18 12:49:16,481:INFO:platform: Windows-10-10.0.18362-SP0
2021-01-18 12:49:16,482:INFO:Memory: svmem(total=8481255424, available=3719233536, percent=56.1, used=4762021888, free=3719233536)
2021-01-18 12:49:16,482:INFO:Physical Core: 2
2021-01-18 12:49:16,482:INFO:Logical Core: 4
2021-01-18 12:49:16,482:INFO:Checking libraries
2021-01-18 12:49:16,483:INFO:pd==1.1.3
2021-01-18 12:49:16,483:INFO:numpy==1.19.2
2021-01-18 12:49:16,483:INFO:sklearn==0.22
2021-01-18 12:49:16,517:INFO:xgboost==0.90
2021-01-18 12:49:16,518:INFO:lightgbm==2.3.1
2021-01-18 12:49:16,545:INFO:catboost==0.24.3
2021-01-18 12:49:18,305:INFO:mlflow==1.12.1
2021-01-18 12:49:18,306:INFO:Checking Exceptions
2021-01-18 12:49:18,307:INFO:Declaring global variables
2021-01-18 12:49:18,307:INFO:USI: 9181
2021-01-18 12:49:18,307:INFO:pycaret_globals: {'iterative_imputation_iters_param', '_all_metrics', 'prep_pipe', '_gpu_n_jobs_param', 'X', 'fix_imbalance_param', 'fix_imbalance_method_param', 'fold_groups_param', 'imputation_regressor', 'imputation_classifier', 'display_container', 'html_param', 'transform_target_method_param', '_available_plots', 'logging_param', 'n_jobs_param', 'target_param', 'master_model_container', 'y_test', 'transform_target_param', '_ml_usecase', 'X_train', 'fold_param', 'seed', 'data_before_preprocess', 'y_train', 'y', 'fold_generator', 'experiment__', 'X_test', '_all_models_internal', 'pycaret_globals', '_internal_pipeline', '_all_models', 'fold_shuffle_param', 'create_model_container', 'USI', 'gpu_param', 'stratify_param', 'exp_name_log', 'log_plots_param'}
2021-01-18 12:49:18,308:INFO:Preparing display monitor
2021-01-18 12:49:18,308:INFO:Preparing display monitor
2021-01-18 12:49:18,348:INFO:Importing libraries
2021-01-18 12:49:18,349:INFO:Copying data for preprocessing
2021-01-18 12:49:18,376:INFO:Declaring preprocessing parameters
2021-01-18 12:49:18,382:INFO:Creating preprocessing pipeline
2021-01-18 12:49:18,404:INFO:Preprocessing pipeline created successfully
2021-01-18 12:49:18,405:ERROR:(Process Exit): setup has been interupted with user command 'quit'. setup must rerun.
2021-01-18 12:49:18,405:INFO:Creating global containers
2021-01-18 12:49:18,408:INFO:Internal pipeline: Pipeline(memory=None, steps=[('empty_step', 'passthrough')], verbose=False)
2021-01-18 12:49:21,507:INFO:Creating grid variables
2021-01-18 12:49:21,558:INFO:create_model_container: 0
2021-01-18 12:49:21,558:INFO:master_model_container: 0
2021-01-18 12:49:21,558:INFO:display_container: 0
2021-01-18 12:49:21,569:INFO:Pipeline(memory=None,
         steps=[('dtypes',
                 DataTypes_Auto_infer(categorical_features=[],
                                      display_types=True, features_todrop=[],
                                      id_columns=[], ml_usecase='regression',
                                      numerical_features=[], target='charges',
                                      time_features=[])),
                ('imputer',
                 Simple_Imputer(categorical_strategy='not_available',
                                fill_value_categorical=None,
                                fill_value_numerical=None,
                                numeric_strategy...
                ('scaling', 'passthrough'), ('P_transform', 'passthrough'),
                ('binn', 'passthrough'), ('rem_outliers', 'passthrough'),
                ('cluster_all', 'passthrough'),
                ('dummy', Dummify(target='charges')),
                ('fix_perfect', Remove_100(target='charges')),
                ('clean_names', Clean_Colum_Names()),
                ('feature_select', 'passthrough'), ('fix_multi', 'passthrough'),
                ('dfs', 'passthrough'), ('pca', 'passthrough')],
         verbose=False)
2021-01-18 12:49:21,569:INFO:setup() succesfully completed......................................
2021-01-18 12:49:43,535:INFO:Initializing create_model()
2021-01-18 12:49:43,535:INFO:create_model(estimator=gbr, fold=None, round=4, cross_validation=True, predict=True, fit_kwargs=None, groups=None, refit=True, verbose=True, system=True, metrics=None, display=None, kwargs={})
2021-01-18 12:49:43,535:INFO:Checking exceptions
2021-01-18 12:49:43,536:INFO:Preparing display monitor
2021-01-18 12:49:43,588:INFO:Importing libraries
2021-01-18 12:49:43,589:INFO:Copying training dataset
2021-01-18 12:49:43,592:INFO:Defining folds
2021-01-18 12:49:43,594:INFO:Declaring metric variables
2021-01-18 12:49:43,620:INFO:Importing untrained model
2021-01-18 12:49:43,649:INFO:Gradient Boosting Regressor Imported succesfully
2021-01-18 12:49:43,708:INFO:Starting cross validation
2021-01-18 12:49:43,723:INFO:Cross validating with KFold(n_splits=10, random_state=123, shuffle=False), n_jobs=-1
2021-01-18 12:49:55,585:INFO:Calculating mean and std
2021-01-18 12:49:55,588:INFO:Creating metrics dataframe
2021-01-18 12:49:55,626:INFO:Finalizing model
2021-01-18 12:49:55,828:INFO:Uploading results into container
2021-01-18 12:49:55,828:INFO:Uploading model into container now
2021-01-18 12:49:55,856:INFO:create_model_container: 1
2021-01-18 12:49:55,856:INFO:master_model_container: 1
2021-01-18 12:49:55,856:INFO:display_container: 1
2021-01-18 12:49:55,858:INFO:GradientBoostingRegressor(alpha=0.9, ccp_alpha=0.0, criterion='friedman_mse',
                          init=None, learning_rate=0.1, loss='ls', max_depth=3,
                          max_features=None, max_leaf_nodes=None,
                          min_impurity_decrease=0.0, min_impurity_split=None,
                          min_samples_leaf=1, min_samples_split=2,
                          min_weight_fraction_leaf=0.0, n_estimators=100,
                          n_iter_no_change=None, presort='deprecated',
                          random_state=123, subsample=1.0, tol=0.0001,
                          validation_fraction=0.1, verbose=0, warm_start=False)
2021-01-18 12:49:55,859:INFO:create_model() succesfully completed......................................
2021-01-18 12:50:01,178:INFO:Initializing plot_model()
2021-01-18 12:50:01,179:INFO:plot_model(plot=residuals, fold=None, use_train_data=False, verbose=True, display=None, estimator=GradientBoostingRegressor(alpha=0.9, ccp_alpha=0.0, criterion='friedman_mse',
                          init=None, learning_rate=0.1, loss='ls', max_depth=3,
                          max_features=None, max_leaf_nodes=None,
                          min_impurity_decrease=0.0, min_impurity_split=None,
                          min_samples_leaf=1, min_samples_split=2,
                          min_weight_fraction_leaf=0.0, n_estimators=100,
                          n_iter_no_change=None, presort='deprecated',
                          random_state=123, subsample=1.0, tol=0.0001,
                          validation_fraction=0.1, verbose=0, warm_start=False), feature_name=None, fit_kwargs=None, groups=None, label=False, save=False, scale=1, system=True)
2021-01-18 12:50:01,179:INFO:Checking exceptions
2021-01-18 12:50:01,183:INFO:Preparing display monitor
2021-01-18 12:50:01,205:INFO:Preloading libraries
2021-01-18 12:50:01,260:INFO:Copying training dataset
2021-01-18 12:50:01,261:INFO:Copying test dataset
2021-01-18 12:50:01,262:INFO:Plot type: residuals
2021-01-18 12:50:01,460:INFO:Fitting Model
2021-01-18 12:50:01,523:INFO:Scoring test/hold-out set
2021-01-18 12:50:03,221:INFO:Visual Rendered Successfully
2021-01-18 12:50:03,344:INFO:plot_model() succesfully completed......................................
2021-01-18 12:50:13,106:INFO:PyCaret Supervised Module
2021-01-18 12:50:13,107:INFO:ML Usecase: regression
2021-01-18 12:50:13,107:INFO:version 2.2.2
2021-01-18 12:50:13,108:INFO:Initializing setup()
2021-01-18 12:50:13,108:INFO:setup(target=charges, ml_usecase=regression, available_plots={'parameter': 'Hyperparameters', 'residuals': 'Residuals', 'error': 'Prediction Error', 'cooks': 'Cooks Distance', 'rfe': 'Feature Selection', 'learning': 'Learning Curve', 'manifold': 'Manifold Learning', 'vc': 'Validation Curve', 'feature': 'Feature Importance', 'feature_all': 'Feature Importance (All)', 'tree': 'Decision Tree'}, train_size=0.7, test_data=None, preprocess=True, imputation_type=simple, iterative_imputation_iters=5, categorical_features=None, categorical_imputation=constant, categorical_iterative_imputer=lightgbm, ordinal_features=None, high_cardinality_features=None, high_cardinality_method=frequency, numeric_features=None, numeric_imputation=mean, numeric_iterative_imputer=lightgbm, date_features=None, ignore_features=None, normalize=True, normalize_method=zscore, transformation=False, transformation_method=yeo-johnson, handle_unknown_categorical=True, unknown_categorical_method=least_frequent, pca=False, pca_method=linear, pca_components=None, ignore_low_variance=False, combine_rare_levels=False, rare_level_threshold=0.1, bin_numeric_features=['age', 'bmi'], remove_outliers=False, outliers_threshold=0.05, remove_multicollinearity=False, multicollinearity_threshold=0.9, remove_perfect_collinearity=True, create_clusters=False, cluster_iter=20, polynomial_features=True, polynomial_degree=2, trigonometry_features=True, polynomial_threshold=0.1, group_features=None, group_names=None, feature_selection=False, feature_selection_threshold=0.8, feature_selection_method=classic, feature_interaction=True, feature_ratio=False, interaction_threshold=0.01, fix_imbalance=False, fix_imbalance_method=None, transform_target=False, transform_target_method=box-cox, data_split_shuffle=True, data_split_stratify=False, fold_strategy=kfold, fold=10, fold_shuffle=False, fold_groups=None, n_jobs=-1, use_gpu=False, custom_pipeline=None, html=True, session_id=123, log_experiment=False, experiment_name=None, log_plots=False, log_profile=False, log_data=False, silent=False, verbose=True, profile=False, profile_kwargs=None, display=None)
2021-01-18 12:50:13,109:INFO:Checking environment
2021-01-18 12:50:13,109:INFO:python_version: 3.8.5
2021-01-18 12:50:13,109:INFO:python_build: ('default', 'Sep  3 2020 21:29:08')
2021-01-18 12:50:13,109:INFO:machine: AMD64
2021-01-18 12:50:13,110:INFO:platform: Windows-10-10.0.18362-SP0
2021-01-18 12:50:13,110:INFO:Memory: svmem(total=8481255424, available=3167490048, percent=62.7, used=5313765376, free=3167490048)
2021-01-18 12:50:13,110:INFO:Physical Core: 2
2021-01-18 12:50:13,110:INFO:Logical Core: 4
2021-01-18 12:50:13,110:INFO:Checking libraries
2021-01-18 12:50:13,110:INFO:pd==1.1.3
2021-01-18 12:50:13,110:INFO:numpy==1.19.2
2021-01-18 12:50:13,110:INFO:sklearn==0.22
2021-01-18 12:50:13,111:INFO:xgboost==0.90
2021-01-18 12:50:13,111:INFO:lightgbm==2.3.1
2021-01-18 12:50:13,111:INFO:catboost==0.24.3
2021-01-18 12:50:13,111:INFO:mlflow==1.12.1
2021-01-18 12:50:13,111:INFO:Checking Exceptions
2021-01-18 12:50:13,112:INFO:Declaring global variables
2021-01-18 12:50:13,112:INFO:USI: 232d
2021-01-18 12:50:13,112:INFO:pycaret_globals: {'iterative_imputation_iters_param', '_all_metrics', 'prep_pipe', '_gpu_n_jobs_param', 'X', 'fix_imbalance_param', 'fix_imbalance_method_param', 'fold_groups_param', 'imputation_regressor', 'imputation_classifier', 'display_container', 'html_param', 'transform_target_method_param', '_available_plots', 'logging_param', 'n_jobs_param', 'target_param', 'master_model_container', 'y_test', 'transform_target_param', '_ml_usecase', 'X_train', 'fold_param', 'seed', 'data_before_preprocess', 'y_train', 'y', 'fold_generator', 'experiment__', 'X_test', '_all_models_internal', 'pycaret_globals', '_internal_pipeline', '_all_models', 'fold_shuffle_param', 'create_model_container', 'USI', 'gpu_param', 'stratify_param', 'exp_name_log', 'log_plots_param'}
2021-01-18 12:50:13,112:INFO:Preparing display monitor
2021-01-18 12:50:13,113:INFO:Preparing display monitor
2021-01-18 12:50:13,145:INFO:Importing libraries
2021-01-18 12:50:13,146:INFO:Copying data for preprocessing
2021-01-18 12:50:13,164:INFO:Declaring preprocessing parameters
2021-01-18 12:50:13,169:INFO:Creating preprocessing pipeline
2021-01-18 12:50:13,180:INFO:Preprocessing pipeline created successfully
2021-01-18 12:50:13,181:ERROR:(Process Exit): setup has been interupted with user command 'quit'. setup must rerun.
2021-01-18 12:50:13,181:INFO:Creating global containers
2021-01-18 12:50:13,181:INFO:Internal pipeline: Pipeline(memory=None, steps=[('empty_step', 'passthrough')], verbose=False)
2021-01-18 12:50:16,281:INFO:Creating grid variables
2021-01-18 12:50:16,314:INFO:create_model_container: 0
2021-01-18 12:50:16,314:INFO:master_model_container: 0
2021-01-18 12:50:16,316:INFO:display_container: 0
2021-01-18 12:50:16,332:INFO:Pipeline(memory=None,
         steps=[('dtypes',
                 DataTypes_Auto_infer(categorical_features=[],
                                      display_types=True, features_todrop=[],
                                      id_columns=[], ml_usecase='regression',
                                      numerical_features=[], target='charges',
                                      time_features=[])),
                ('imputer',
                 Simple_Imputer(categorical_strategy='not_available',
                                fill_value_categorical=None,
                                fill_value_numerical=None,
                                numeric_strategy...
                ('dummy', Dummify(target='charges')),
                ('fix_perfect', Remove_100(target='charges')),
                ('clean_names', Clean_Colum_Names()),
                ('feature_select', 'passthrough'), ('fix_multi', 'passthrough'),
                ('dfs',
                 DFS_Classic(interactions=['multiply'], ml_usecase='regression',
                             random_state=123, subclass='binary',
                             target='charges',
                             top_features_to_pick_percentage=None)),
                ('pca', 'passthrough')],
         verbose=False)
2021-01-18 12:50:16,332:INFO:setup() succesfully completed......................................
2021-01-18 12:50:29,545:INFO:Initializing create_model()
2021-01-18 12:50:29,545:INFO:create_model(estimator=gbr, fold=None, round=4, cross_validation=True, predict=True, fit_kwargs=None, groups=None, refit=True, verbose=True, system=True, metrics=None, display=None, kwargs={})
2021-01-18 12:50:29,545:INFO:Checking exceptions
2021-01-18 12:50:29,546:INFO:Preparing display monitor
2021-01-18 12:50:29,593:INFO:Importing libraries
2021-01-18 12:50:29,594:INFO:Copying training dataset
2021-01-18 12:50:29,596:INFO:Defining folds
2021-01-18 12:50:29,596:INFO:Declaring metric variables
2021-01-18 12:50:29,615:INFO:Importing untrained model
2021-01-18 12:50:29,636:INFO:Gradient Boosting Regressor Imported succesfully
2021-01-18 12:50:29,692:INFO:Starting cross validation
2021-01-18 12:50:29,694:INFO:Cross validating with KFold(n_splits=10, random_state=123, shuffle=False), n_jobs=-1
2021-01-18 12:50:31,609:INFO:Calculating mean and std
2021-01-18 12:50:31,610:INFO:Creating metrics dataframe
2021-01-18 12:50:31,633:INFO:Finalizing model
2021-01-18 12:50:32,074:INFO:Uploading results into container
2021-01-18 12:50:32,075:INFO:Uploading model into container now
2021-01-18 12:50:32,101:INFO:create_model_container: 1
2021-01-18 12:50:32,101:INFO:master_model_container: 1
2021-01-18 12:50:32,102:INFO:display_container: 1
2021-01-18 12:50:32,103:INFO:GradientBoostingRegressor(alpha=0.9, ccp_alpha=0.0, criterion='friedman_mse',
                          init=None, learning_rate=0.1, loss='ls', max_depth=3,
                          max_features=None, max_leaf_nodes=None,
                          min_impurity_decrease=0.0, min_impurity_split=None,
                          min_samples_leaf=1, min_samples_split=2,
                          min_weight_fraction_leaf=0.0, n_estimators=100,
                          n_iter_no_change=None, presort='deprecated',
                          random_state=123, subsample=1.0, tol=0.0001,
                          validation_fraction=0.1, verbose=0, warm_start=False)
2021-01-18 12:50:32,104:INFO:create_model() succesfully completed......................................
2021-01-18 12:50:43,342:INFO:Initializing plot_model()
2021-01-18 12:50:43,343:INFO:plot_model(plot=residuals, fold=None, use_train_data=False, verbose=True, display=None, estimator=GradientBoostingRegressor(alpha=0.9, ccp_alpha=0.0, criterion='friedman_mse',
                          init=None, learning_rate=0.1, loss='ls', max_depth=3,
                          max_features=None, max_leaf_nodes=None,
                          min_impurity_decrease=0.0, min_impurity_split=None,
                          min_samples_leaf=1, min_samples_split=2,
                          min_weight_fraction_leaf=0.0, n_estimators=100,
                          n_iter_no_change=None, presort='deprecated',
                          random_state=123, subsample=1.0, tol=0.0001,
                          validation_fraction=0.1, verbose=0, warm_start=False), feature_name=None, fit_kwargs=None, groups=None, label=False, save=False, scale=1, system=True)
2021-01-18 12:50:43,343:INFO:Checking exceptions
2021-01-18 12:50:43,347:INFO:Preparing display monitor
2021-01-18 12:50:43,369:INFO:Preloading libraries
2021-01-18 12:50:43,408:INFO:Copying training dataset
2021-01-18 12:50:43,409:INFO:Copying test dataset
2021-01-18 12:50:43,410:INFO:Plot type: residuals
2021-01-18 12:50:43,483:INFO:Fitting Model
2021-01-18 12:50:43,545:INFO:Scoring test/hold-out set
2021-01-18 12:50:44,581:INFO:Visual Rendered Successfully
2021-01-18 12:50:44,706:INFO:plot_model() succesfully completed......................................
2021-01-18 12:50:50,213:INFO:Initializing save_model()
2021-01-18 12:50:50,213:INFO:save_model(model=GradientBoostingRegressor(alpha=0.9, ccp_alpha=0.0, criterion='friedman_mse',
                          init=None, learning_rate=0.1, loss='ls', max_depth=3,
                          max_features=None, max_leaf_nodes=None,
                          min_impurity_decrease=0.0, min_impurity_split=None,
                          min_samples_leaf=1, min_samples_split=2,
                          min_weight_fraction_leaf=0.0, n_estimators=100,
                          n_iter_no_change=None, presort='deprecated',
                          random_state=123, subsample=1.0, tol=0.0001,
                          validation_fraction=0.1, verbose=0, warm_start=False), model_name=deployment_28042020, prep_pipe_=Pipeline(memory=None,
         steps=[('dtypes',
                 DataTypes_Auto_infer(categorical_features=[],
                                      display_types=True, features_todrop=[],
                                      id_columns=[], ml_usecase='regression',
                                      numerical_features=[], target='charges',
                                      time_features=[])),
                ('imputer',
                 Simple_Imputer(categorical_strategy='not_available',
                                fill_value_categorical=None,
                                fill_value_numerical=None,
                                numeric_strategy...
                ('dummy', Dummify(target='charges')),
                ('fix_perfect', Remove_100(target='charges')),
                ('clean_names', Clean_Colum_Names()),
                ('feature_select', 'passthrough'), ('fix_multi', 'passthrough'),
                ('dfs',
                 DFS_Classic(interactions=['multiply'], ml_usecase='regression',
                             random_state=123, subclass='binary',
                             target='charges',
                             top_features_to_pick_percentage=None)),
                ('pca', 'passthrough')],
         verbose=False), verbose=True)
2021-01-18 12:50:50,214:INFO:Adding model into prep_pipe
2021-01-18 12:50:50,270:INFO:deployment_28042020.pkl saved in current working directory
2021-01-18 12:50:50,291:INFO:Pipeline(memory=None,
         steps=[('dtypes',
                 DataTypes_Auto_infer(categorical_features=[],
                                      display_types=True, features_todrop=[],
                                      id_columns=[], ml_usecase='regression',
                                      numerical_features=[], target='charges',
                                      time_features=[])),
                ('imputer',
                 Simple_Imputer(categorical_strategy='not_available',
                                fill_value_categorical=None,
                                fill_value_numerical=None,
                                numeric_strategy...
                                           learning_rate=0.1, loss='ls',
                                           max_depth=3, max_features=None,
                                           max_leaf_nodes=None,
                                           min_impurity_decrease=0.0,
                                           min_impurity_split=None,
                                           min_samples_leaf=1,
                                           min_samples_split=2,
                                           min_weight_fraction_leaf=0.0,
                                           n_estimators=100,
                                           n_iter_no_change=None,
                                           presort='deprecated',
                                           random_state=123, subsample=1.0,
                                           tol=0.0001, validation_fraction=0.1,
                                           verbose=0, warm_start=False)]],
         verbose=False)
2021-01-18 12:50:50,292:INFO:save_model() succesfully completed......................................
2021-01-18 12:50:51,275:INFO:Initializing load_model()
2021-01-18 12:50:51,275:INFO:load_model(model_name=deployment_28042020, platform=None, authentication=None, verbose=True)
